<?xml version="1.0" encoding="UTF-8"?>
<testng-results ignored="0" total="2" passed="2" failed="0" skipped="0">
  <reporter-output>
  </reporter-output>
  <suite started-at="2022-03-23T16:42:28 CDT" name="Suite" finished-at="2022-03-23T16:42:37 CDT" duration-ms="8556">
    <groups>
    </groups>
    <test started-at="2022-03-23T16:42:28 CDT" name="chromeTest" finished-at="2022-03-23T16:42:35 CDT" duration-ms="6854">
      <class name="browser">
        <test-method signature="verifybrowser(java.lang.String)[pri:0, instance:browser@9225652]" started-at="2022-03-23T16:42:28 CDT" name="verifybrowser" finished-at="2022-03-23T16:42:35 CDT" duration-ms="6787" status="PASS">
          <params>
            <param index="0">
              <value>
                <![CDATA[chrome]]>
              </value>
            </param>
          </params>
          <reporter-output>
          </reporter-output>
        </test-method> <!-- verifybrowser -->
      </class> <!-- browser -->
    </test> <!-- chromeTest -->
    <test started-at="2022-03-23T16:42:28 CDT" name="firefoxTest" finished-at="2022-03-23T16:42:37 CDT" duration-ms="8556">
      <class name="browser">
        <test-method signature="verifybrowser(java.lang.String)[pri:0, instance:browser@1e802ef9]" started-at="2022-03-23T16:42:28 CDT" name="verifybrowser" finished-at="2022-03-23T16:42:37 CDT" duration-ms="8502" status="PASS">
          <params>
            <param index="0">
              <value>
                <![CDATA[firefox]]>
              </value>
            </param>
          </params>
          <reporter-output>
          </reporter-output>
        </test-method> <!-- verifybrowser -->
      </class> <!-- browser -->
    </test> <!-- firefoxTest -->
  </suite> <!-- Suite -->
</testng-results>
